<?xml version="1.0" encoding="UTF-8" ?>
<testsuite tests="1" failures="0" name="org.restful_jersey_client.AppTest" time="0.002" errors="0" skipped="0">
  <properties>
    <property name="java.runtime.name" value="OpenJDK Runtime Environment"/>
    <property name="sun.boot.library.path" value="D:\hussain\softwares\java-1.8.0\jre\bin"/>
    <property name="java.vm.version" value="25.262-b10"/>
    <property name="java.vm.vendor" value="Red Hat, Inc."/>
    <property name="maven.multiModuleProjectDirectory" value="D:\hussain\work\spring_advance_aug15\restful"/>
    <property name="java.vendor.url" value="https://developers.redhat.com/"/>
    <property name="path.separator" value=";"/>
    <property name="guice.disable.misplaced.annotation.check" value="true"/>
    <property name="java.vm.name" value="OpenJDK Server VM"/>
    <property name="file.encoding.pkg" value="sun.io"/>
    <property name="user.script" value=""/>
    <property name="user.country" value="US"/>
    <property name="sun.java.launcher" value="SUN_STANDARD"/>
    <property name="sun.os.patch.level" value=""/>
    <property name="java.vm.specification.name" value="Java Virtual Machine Specification"/>
    <property name="user.dir" value="D:\hussain\work\spring_advance_aug15\restful"/>
    <property name="java.runtime.version" value="1.8.0_262-b10"/>
    <property name="java.awt.graphicsenv" value="sun.awt.Win32GraphicsEnvironment"/>
    <property name="java.endorsed.dirs" value="D:\hussain\softwares\java-1.8.0\jre\lib\endorsed"/>
    <property name="os.arch" value="x86"/>
    <property name="java.io.tmpdir" value="C:\Users\Hussain\AppData\Local\Temp\"/>
    <property name="line.separator" value="
"/>
    <property name="java.vm.specification.vendor" value="Oracle Corporation"/>
    <property name="user.variant" value=""/>
    <property name="os.name" value="Windows 7"/>
    <property name="classworlds.conf" value="D:\hussain\work\spring_advance_aug15\.metadata\.plugins\org.eclipse.m2e.launching\launches\m2conf1794529904595475169.tmp"/>
    <property name="sun.jnu.encoding" value="Cp1252"/>
    <property name="java.library.path" value="D:\hussain\softwares\java-1.8.0\bin;C:\Windows\Sun\Java\bin;C:\Windows\system32;C:\Windows;D:/hussain/softwares/java-1.8.0/bin/../jre/bin/server;D:/hussain/softwares/java-1.8.0/bin/../jre/bin;D:/hussain/softwares/java-1.8.0/bin/../jre/lib/i386;C:\Windows\system32;C:\Windows;C:\Windows\System32\Wbem;C:\Windows\System32\WindowsPowerShell\v1.0\;C:\Program Files\nodejs\;C:\Program Files\Brackets\command;D:\hussain\softwares\java-1.8.0\bin;C:\Users\Hussain\AppData\Roaming\npm;C:\Users\Hussain\AppData\Local\Programs\Microsoft VS Code\bin;D:\hussain\softwares\java-1.8.0\bin;D:\hussain\softwares\apache-maven-3.6.3\bin;D:\hussain\softwares\eclipse-jee-2018-09-win32\eclipse;;."/>
    <property name="java.specification.name" value="Java Platform API Specification"/>
    <property name="java.class.version" value="52.0"/>
    <property name="sun.management.compiler" value="HotSpot Tiered Compilers"/>
    <property name="os.version" value="6.1"/>
    <property name="user.home" value="C:\Users\Hussain"/>
    <property name="user.timezone" value="Asia/Calcutta"/>
    <property name="java.awt.printerjob" value="sun.awt.windows.WPrinterJob"/>
    <property name="java.specification.version" value="1.8"/>
    <property name="file.encoding" value="Cp1252"/>
    <property name="user.name" value="Hussain"/>
    <property name="java.class.path" value="D:\hussain\softwares\eclipse-jee-2018-09-win32\eclipse\plugins\org.eclipse.m2e.maven.runtime_1.9.1.20180912-1600\jars\plexus-classworlds-2.5.2.jar"/>
    <property name="java.vm.specification.version" value="1.8"/>
    <property name="sun.arch.data.model" value="32"/>
    <property name="java.home" value="D:\hussain\softwares\java-1.8.0\jre"/>
    <property name="sun.java.command" value="org.codehaus.plexus.classworlds.launcher.Launcher -B install"/>
    <property name="java.specification.vendor" value="Oracle Corporation"/>
    <property name="user.language" value="en"/>
    <property name="awt.toolkit" value="sun.awt.windows.WToolkit"/>
    <property name="java.vm.info" value="mixed mode"/>
    <property name="java.version" value="1.8.0_262"/>
    <property name="java.ext.dirs" value="D:\hussain\softwares\java-1.8.0\jre\lib\ext;C:\Windows\Sun\Java\lib\ext"/>
    <property name="sun.boot.class.path" value="D:\hussain\softwares\java-1.8.0\jre\lib\resources.jar;D:\hussain\softwares\java-1.8.0\jre\lib\rt.jar;D:\hussain\softwares\java-1.8.0\jre\lib\sunrsasign.jar;D:\hussain\softwares\java-1.8.0\jre\lib\jsse.jar;D:\hussain\softwares\java-1.8.0\jre\lib\jce.jar;D:\hussain\softwares\java-1.8.0\jre\lib\charsets.jar;D:\hussain\softwares\java-1.8.0\jre\lib\jfr.jar;D:\hussain\softwares\java-1.8.0\jre\classes"/>
    <property name="java.vendor" value="Red Hat, Inc."/>
    <property name="maven.home" value="D:\hussain\work\spring_advance_aug15\restful\EMBEDDED"/>
    <property name="file.separator" value="\"/>
    <property name="java.vendor.url.bug" value="https://bugzilla.redhat.com/enter_bug.cgi"/>
    <property name="sun.cpu.endian" value="little"/>
    <property name="sun.io.unicode.encoding" value="UnicodeLittle"/>
    <property name="sun.desktop" value="windows"/>
    <property name="sun.cpu.isalist" value="pentium_pro+mmx pentium_pro pentium+mmx pentium i486 i386 i86"/>
  </properties>
  <testcase classname="org.restful_jersey_client.AppTest" name="testApp" time="0.002"/>
</testsuite>